<?xml version="1.0" encoding="UTF-8"?>
<!-- Generated by org.testng.reporters.JUnitReportReporter -->
<testsuite skipped="0" hostname="AME" name="HelloTest" tests="1" failures="0" timestamp="2022-04-06T12:11:49 CST" time="0.003" errors="0">
  <testcase name="testHello" time="0.003" classname="HelloTest"/>
  <system-out/>
</testsuite> <!-- HelloTest -->
